2012-02-28 14:54:02 [INFO ] [] XPayClient initialize [/home/aedeuwinshop/public_html/market/cart/lgdacom] [service]
2012-02-28 14:54:02 [DEBUG] [] Config [server_id] = [01]
2012-02-28 14:54:02 [DEBUG] [] Config [timeout] = [60]
2012-02-28 14:54:02 [DEBUG] [] Config [log_level] = [4]
2012-02-28 14:54:02 [DEBUG] [] Config [verify_cert] = [1]
2012-02-28 14:54:02 [DEBUG] [] Config [verify_host] = [1]
2012-02-28 14:54:02 [DEBUG] [] Config [report_error] = [1]
2012-02-28 14:54:02 [DEBUG] [] Config [output_UTF8] = [0]
2012-02-28 14:54:02 [DEBUG] [] Config [auto_rollback] = [1]
2012-02-28 14:54:02 [DEBUG] [] Config [log_dir] = [/home/shop_mobile/public_html/market/cart/lgdacom/log]
2012-02-28 14:54:02 [DEBUG] [] Config [tlets08070] = [fe95c7a807c4de05a3fcd738141f926e]
2012-02-28 14:54:02 [DEBUG] [] Config [lets08070] = [fe95c7a807c4de05a3fcd738141f926e]
2012-02-28 14:54:02 [DEBUG] [] Config [url] = [https://xpayclient.lgdacom.net/xpay/Gateway.do]
2012-02-28 14:54:02 [DEBUG] [] Config [test_url] = [https://xpayclient.lgdacom.net:7443/xpay/Gateway.do]
2012-02-28 14:54:02 [DEBUG] [] Config [aux_url] = [http://xpayclient.lgdacom.net:7080/xpay/Gateway.do]
2012-02-28 14:54:02 [DEBUG] [lets08070-0120120228145402960e216a1808c82b911052c5c10821e6876e3369] Post [LGD_TXID] = [lets08070-0120120228145402960e216a1808c82b911052c5c10821e6876e3369]
2012-02-28 14:54:02 [DEBUG] [lets08070-0120120228145402960e216a1808c82b911052c5c10821e6876e3369] Post [LGD_AUTHCODE] = [0deb24a018318a4768a11a6854d71de03af091bc]
2012-02-28 14:54:02 [DEBUG] [lets08070-0120120228145402960e216a1808c82b911052c5c10821e6876e3369] Post [LGD_MID] = [lets08070]
2012-02-28 14:54:02 [DEBUG] [lets08070-0120120228145402960e216a1808c82b911052c5c10821e6876e3369] Post [LGD_TXNAME] = [CashReceipt]
2012-02-28 14:54:02 [DEBUG] [lets08070-0120120228145402960e216a1808c82b911052c5c10821e6876e3369] Post [LGD_METHOD] = [AUTH]
2012-02-28 14:54:02 [DEBUG] [lets08070-0120120228145402960e216a1808c82b911052c5c10821e6876e3369] Post [LGD_PAYTYPE] = [SC0100]
2012-02-28 14:54:02 [DEBUG] [lets08070-0120120228145402960e216a1808c82b911052c5c10821e6876e3369] Post [LGD_OID] = [20120224190902-70]
2012-02-28 14:54:02 [DEBUG] [lets08070-0120120228145402960e216a1808c82b911052c5c10821e6876e3369] Post [LGD_AMOUNT] = [79020]
2012-02-28 14:54:02 [DEBUG] [lets08070-0120120228145402960e216a1808c82b911052c5c10821e6876e3369] Post [LGD_CASHCARDNUM] = [01036024995]
2012-02-28 14:54:02 [DEBUG] [lets08070-0120120228145402960e216a1808c82b911052c5c10821e6876e3369] Post [LGD_CUSTOM_MERTNAME] = [¾ÖµåÀ©]
2012-02-28 14:54:02 [DEBUG] [lets08070-0120120228145402960e216a1808c82b911052c5c10821e6876e3369] Post [LGD_CUSTOM_BUSINESSNUM] = [604-01-29034]
2012-02-28 14:54:02 [DEBUG] [lets08070-0120120228145402960e216a1808c82b911052c5c10821e6876e3369] Post [LGD_CUSTOM_MERTPHONE] = [051-468-5758 ]
2012-02-28 14:54:02 [DEBUG] [lets08070-0120120228145402960e216a1808c82b911052c5c10821e6876e3369] Post [LGD_CASHRECEIPTUSE] = [1]
2012-02-28 14:54:02 [DEBUG] [lets08070-0120120228145402960e216a1808c82b911052c5c10821e6876e3369] Post [LGD_PRODUCTINFO] = [°í°´¹Ù·ÎÁÖ¹®]
2012-02-28 14:54:02 [DEBUG] [lets08070-0120120228145402960e216a1808c82b911052c5c10821e6876e3369] post_string = LGD_TXID=lets08070-0120120228145402960e216a1808c82b911052c5c10821e6876e3369&LGD_AUTHCODE=0deb24a018318a4768a11a6854d71de03af091bc&LGD_MID=lets08070&LGD_TXNAME=CashReceipt&LGD_METHOD=AUTH&LGD_PAYTYPE=SC0100&LGD_OID=20120224190902-70&LGD_AMOUNT=79020&LGD_CASHCARDNUM=01036024995&LGD_CUSTOM_MERTNAME=%BE%D6%B5%E5%C0%A9&LGD_CUSTOM_BUSINESSNUM=604-01-29034&LGD_CUSTOM_MERTPHONE=051-468-5758+&LGD_CASHRECEIPTUSE=1&LGD_PRODUCTINFO=%B0%ED%B0%B4%B9%D9%B7%CE%C1%D6%B9%AE
2012-02-28 14:54:03 [DEBUG] [lets08070-0120120228145402960e216a1808c82b911052c5c10821e6876e3369] Result = [





{"LGD_RESPCODE":"0000","LGD_RESPMSG":"ë°œê¸‰ì„±ê³µ","LGD_RESPONSE":[{"LGD_HASHDATA":"774dd30ce232a64db383a9da541f509a","LGD_CASHRECEIPTNUM":"G30933379","LGD_TID":"lets02012022814540206289","LGD_RESPCODE":"0000","LGD_TIMESTAMP":"20120228145403","LGD_RESPMSG":"ë°œê¸‰ì„±ê³µ","LGD_OID":"20120224190902-70","LGD_RESPDATE":"20120228145402"}]}


	

]
2012-02-28 14:54:03 [INFO ] [lets08070-0120120228145402960e216a1808c82b911052c5c10821e6876e3369] Response Code=[0000], Msg=[¹ß±Þ¼º°ø], Count=1
2012-02-28 14:54:03 [DEBUG] [lets08070-0120120228145402960e216a1808c82b911052c5c10821e6876e3369] Response (LGD_HASHDATA, 0) = 774dd30ce232a64db383a9da541f509a
2012-02-28 14:54:03 [DEBUG] [lets08070-0120120228145402960e216a1808c82b911052c5c10821e6876e3369] Response (LGD_CASHRECEIPTNUM, 0) = G30933379
2012-02-28 14:54:03 [DEBUG] [lets08070-0120120228145402960e216a1808c82b911052c5c10821e6876e3369] Response (LGD_TID, 0) = lets02012022814540206289
2012-02-28 14:54:03 [DEBUG] [lets08070-0120120228145402960e216a1808c82b911052c5c10821e6876e3369] Response (LGD_RESPCODE, 0) = 0000
2012-02-28 14:54:03 [DEBUG] [lets08070-0120120228145402960e216a1808c82b911052c5c10821e6876e3369] Response (LGD_TIMESTAMP, 0) = 20120228145403
2012-02-28 14:54:03 [DEBUG] [lets08070-0120120228145402960e216a1808c82b911052c5c10821e6876e3369] Response (LGD_RESPMSG, 0) = ¹ß±Þ¼º°ø
2012-02-28 14:54:03 [DEBUG] [lets08070-0120120228145402960e216a1808c82b911052c5c10821e6876e3369] Response (LGD_OID, 0) = 20120224190902-70
2012-02-28 14:54:03 [DEBUG] [lets08070-0120120228145402960e216a1808c82b911052c5c10821e6876e3369] Response (LGD_RESPDATE, 0) = 20120228145402
