2012-03-05 17:50:05 [INFO ] [] XPayClient initialize [/home/aedeuwinshop/public_html/market/cart/lgdacom] [service]
2012-03-05 17:50:05 [DEBUG] [] Config [server_id] = [01]
2012-03-05 17:50:05 [DEBUG] [] Config [timeout] = [60]
2012-03-05 17:50:05 [DEBUG] [] Config [log_level] = [4]
2012-03-05 17:50:05 [DEBUG] [] Config [verify_cert] = [1]
2012-03-05 17:50:05 [DEBUG] [] Config [verify_host] = [1]
2012-03-05 17:50:05 [DEBUG] [] Config [report_error] = [1]
2012-03-05 17:50:05 [DEBUG] [] Config [output_UTF8] = [0]
2012-03-05 17:50:05 [DEBUG] [] Config [auto_rollback] = [1]
2012-03-05 17:50:05 [DEBUG] [] Config [log_dir] = [/home/shop_mobile/public_html/market/cart/lgdacom/log]
2012-03-05 17:50:05 [DEBUG] [] Config [tlets08070] = [fe95c7a807c4de05a3fcd738141f926e]
2012-03-05 17:50:05 [DEBUG] [] Config [lets08070] = [fe95c7a807c4de05a3fcd738141f926e]
2012-03-05 17:50:05 [DEBUG] [] Config [url] = [https://xpayclient.lgdacom.net/xpay/Gateway.do]
2012-03-05 17:50:05 [DEBUG] [] Config [test_url] = [https://xpayclient.lgdacom.net:7443/xpay/Gateway.do]
2012-03-05 17:50:05 [DEBUG] [] Config [aux_url] = [http://xpayclient.lgdacom.net:7080/xpay/Gateway.do]
2012-03-05 17:50:05 [DEBUG] [lets08070-01201203051750057dd59caab9874a9a972da9c03e9cac01a10d6e99] Post [LGD_TXID] = [lets08070-01201203051750057dd59caab9874a9a972da9c03e9cac01a10d6e99]
2012-03-05 17:50:05 [DEBUG] [lets08070-01201203051750057dd59caab9874a9a972da9c03e9cac01a10d6e99] Post [LGD_AUTHCODE] = [f524ec3afbd2d93634506eaf320b45821cddf994]
2012-03-05 17:50:05 [DEBUG] [lets08070-01201203051750057dd59caab9874a9a972da9c03e9cac01a10d6e99] Post [LGD_MID] = [lets08070]
2012-03-05 17:50:05 [DEBUG] [lets08070-01201203051750057dd59caab9874a9a972da9c03e9cac01a10d6e99] Post [LGD_TXNAME] = [CashReceipt]
2012-03-05 17:50:05 [DEBUG] [lets08070-01201203051750057dd59caab9874a9a972da9c03e9cac01a10d6e99] Post [LGD_METHOD] = [AUTH]
2012-03-05 17:50:05 [DEBUG] [lets08070-01201203051750057dd59caab9874a9a972da9c03e9cac01a10d6e99] Post [LGD_PAYTYPE] = [SC0100]
2012-03-05 17:50:05 [DEBUG] [lets08070-01201203051750057dd59caab9874a9a972da9c03e9cac01a10d6e99] Post [LGD_OID] = [20120229163945-133]
2012-03-05 17:50:05 [DEBUG] [lets08070-01201203051750057dd59caab9874a9a972da9c03e9cac01a10d6e99] Post [LGD_AMOUNT] = [300000]
2012-03-05 17:50:05 [DEBUG] [lets08070-01201203051750057dd59caab9874a9a972da9c03e9cac01a10d6e99] Post [LGD_CASHCARDNUM] = [4028262455]
2012-03-05 17:50:05 [DEBUG] [lets08070-01201203051750057dd59caab9874a9a972da9c03e9cac01a10d6e99] Post [LGD_CUSTOM_MERTNAME] = [¾ÖµåÀ©]
2012-03-05 17:50:05 [DEBUG] [lets08070-01201203051750057dd59caab9874a9a972da9c03e9cac01a10d6e99] Post [LGD_CUSTOM_BUSINESSNUM] = [604-01-29034]
2012-03-05 17:50:05 [DEBUG] [lets08070-01201203051750057dd59caab9874a9a972da9c03e9cac01a10d6e99] Post [LGD_CUSTOM_MERTPHONE] = [051-468-5758 ]
2012-03-05 17:50:05 [DEBUG] [lets08070-01201203051750057dd59caab9874a9a972da9c03e9cac01a10d6e99] Post [LGD_CASHRECEIPTUSE] = [2]
2012-03-05 17:50:05 [DEBUG] [lets08070-01201203051750057dd59caab9874a9a972da9c03e9cac01a10d6e99] Post [LGD_PRODUCTINFO] = [´Ù-°¡150]
2012-03-05 17:50:05 [DEBUG] [lets08070-01201203051750057dd59caab9874a9a972da9c03e9cac01a10d6e99] post_string = LGD_TXID=lets08070-01201203051750057dd59caab9874a9a972da9c03e9cac01a10d6e99&LGD_AUTHCODE=f524ec3afbd2d93634506eaf320b45821cddf994&LGD_MID=lets08070&LGD_TXNAME=CashReceipt&LGD_METHOD=AUTH&LGD_PAYTYPE=SC0100&LGD_OID=20120229163945-133&LGD_AMOUNT=300000&LGD_CASHCARDNUM=4028262455&LGD_CUSTOM_MERTNAME=%BE%D6%B5%E5%C0%A9&LGD_CUSTOM_BUSINESSNUM=604-01-29034&LGD_CUSTOM_MERTPHONE=051-468-5758+&LGD_CASHRECEIPTUSE=2&LGD_PRODUCTINFO=%B4%D9-%B0%A1150
2012-03-05 17:50:05 [DEBUG] [lets08070-01201203051750057dd59caab9874a9a972da9c03e9cac01a10d6e99] Result = [





{"LGD_RESPCODE":"0000","LGD_RESPMSG":"ë°œê¸‰ì„±ê³µ","LGD_RESPONSE":[{"LGD_HASHDATA":"7712278ffc61944697d6be82563c5e1e","LGD_CASHRECEIPTNUM":"G30407736","LGD_TID":"lets02012030517500579479","LGD_RESPCODE":"0000","LGD_TIMESTAMP":"20120305175005","LGD_RESPMSG":"ë°œê¸‰ì„±ê³µ","LGD_OID":"20120229163945-133","LGD_RESPDATE":"20120305175005"}]}


	

]
2012-03-05 17:50:05 [INFO ] [lets08070-01201203051750057dd59caab9874a9a972da9c03e9cac01a10d6e99] Response Code=[0000], Msg=[¹ß±Þ¼º°ø], Count=1
2012-03-05 17:50:05 [DEBUG] [lets08070-01201203051750057dd59caab9874a9a972da9c03e9cac01a10d6e99] Response (LGD_HASHDATA, 0) = 7712278ffc61944697d6be82563c5e1e
2012-03-05 17:50:05 [DEBUG] [lets08070-01201203051750057dd59caab9874a9a972da9c03e9cac01a10d6e99] Response (LGD_CASHRECEIPTNUM, 0) = G30407736
2012-03-05 17:50:05 [DEBUG] [lets08070-01201203051750057dd59caab9874a9a972da9c03e9cac01a10d6e99] Response (LGD_TID, 0) = lets02012030517500579479
2012-03-05 17:50:05 [DEBUG] [lets08070-01201203051750057dd59caab9874a9a972da9c03e9cac01a10d6e99] Response (LGD_RESPCODE, 0) = 0000
2012-03-05 17:50:05 [DEBUG] [lets08070-01201203051750057dd59caab9874a9a972da9c03e9cac01a10d6e99] Response (LGD_TIMESTAMP, 0) = 20120305175005
2012-03-05 17:50:05 [DEBUG] [lets08070-01201203051750057dd59caab9874a9a972da9c03e9cac01a10d6e99] Response (LGD_RESPMSG, 0) = ¹ß±Þ¼º°ø
2012-03-05 17:50:05 [DEBUG] [lets08070-01201203051750057dd59caab9874a9a972da9c03e9cac01a10d6e99] Response (LGD_OID, 0) = 20120229163945-133
2012-03-05 17:50:05 [DEBUG] [lets08070-01201203051750057dd59caab9874a9a972da9c03e9cac01a10d6e99] Response (LGD_RESPDATE, 0) = 20120305175005
