2012-03-13 14:19:12 [INFO ] [] XPayClient initialize [/home/aedeuwinshop/public_html/market/cart/lgdacom] [service]
2012-03-13 14:19:12 [DEBUG] [] Config [server_id] = [01]
2012-03-13 14:19:12 [DEBUG] [] Config [timeout] = [60]
2012-03-13 14:19:12 [DEBUG] [] Config [log_level] = [4]
2012-03-13 14:19:12 [DEBUG] [] Config [verify_cert] = [1]
2012-03-13 14:19:12 [DEBUG] [] Config [verify_host] = [1]
2012-03-13 14:19:12 [DEBUG] [] Config [report_error] = [1]
2012-03-13 14:19:12 [DEBUG] [] Config [output_UTF8] = [0]
2012-03-13 14:19:12 [DEBUG] [] Config [auto_rollback] = [1]
2012-03-13 14:19:12 [DEBUG] [] Config [log_dir] = [/home/shop_mobile/public_html/market/cart/lgdacom/log]
2012-03-13 14:19:12 [DEBUG] [] Config [tlets08070] = [fe95c7a807c4de05a3fcd738141f926e]
2012-03-13 14:19:12 [DEBUG] [] Config [lets08070] = [fe95c7a807c4de05a3fcd738141f926e]
2012-03-13 14:19:12 [DEBUG] [] Config [url] = [https://xpayclient.lgdacom.net/xpay/Gateway.do]
2012-03-13 14:19:12 [DEBUG] [] Config [test_url] = [https://xpayclient.lgdacom.net:7443/xpay/Gateway.do]
2012-03-13 14:19:12 [DEBUG] [] Config [aux_url] = [http://xpayclient.lgdacom.net:7080/xpay/Gateway.do]
2012-03-13 14:19:12 [DEBUG] [lets08070-01201203131419127bdef3bf78c4f331ee055c9a45c666c6cda85bbd] Post [LGD_TXID] = [lets08070-01201203131419127bdef3bf78c4f331ee055c9a45c666c6cda85bbd]
2012-03-13 14:19:12 [DEBUG] [lets08070-01201203131419127bdef3bf78c4f331ee055c9a45c666c6cda85bbd] Post [LGD_AUTHCODE] = [9e380cda9159b1b2b45d9b173c150894c810cf0a]
2012-03-13 14:19:12 [DEBUG] [lets08070-01201203131419127bdef3bf78c4f331ee055c9a45c666c6cda85bbd] Post [LGD_MID] = [lets08070]
2012-03-13 14:19:12 [DEBUG] [lets08070-01201203131419127bdef3bf78c4f331ee055c9a45c666c6cda85bbd] Post [LGD_TXNAME] = [CashReceipt]
2012-03-13 14:19:12 [DEBUG] [lets08070-01201203131419127bdef3bf78c4f331ee055c9a45c666c6cda85bbd] Post [LGD_METHOD] = [AUTH]
2012-03-13 14:19:12 [DEBUG] [lets08070-01201203131419127bdef3bf78c4f331ee055c9a45c666c6cda85bbd] Post [LGD_PAYTYPE] = [SC0100]
2012-03-13 14:19:12 [DEBUG] [lets08070-01201203131419127bdef3bf78c4f331ee055c9a45c666c6cda85bbd] Post [LGD_OID] = [20120312145950-346]
2012-03-13 14:19:12 [DEBUG] [lets08070-01201203131419127bdef3bf78c4f331ee055c9a45c666c6cda85bbd] Post [LGD_AMOUNT] = [160000]
2012-03-13 14:19:12 [DEBUG] [lets08070-01201203131419127bdef3bf78c4f331ee055c9a45c666c6cda85bbd] Post [LGD_CASHCARDNUM] = [01036024995]
2012-03-13 14:19:12 [DEBUG] [lets08070-01201203131419127bdef3bf78c4f331ee055c9a45c666c6cda85bbd] Post [LGD_CUSTOM_MERTNAME] = [局靛扩]
2012-03-13 14:19:12 [DEBUG] [lets08070-01201203131419127bdef3bf78c4f331ee055c9a45c666c6cda85bbd] Post [LGD_CUSTOM_BUSINESSNUM] = [604-01-29034]
2012-03-13 14:19:12 [DEBUG] [lets08070-01201203131419127bdef3bf78c4f331ee055c9a45c666c6cda85bbd] Post [LGD_CUSTOM_MERTPHONE] = [051-468-5758 ]
2012-03-13 14:19:12 [DEBUG] [lets08070-01201203131419127bdef3bf78c4f331ee055c9a45c666c6cda85bbd] Post [LGD_CASHRECEIPTUSE] = [1]
2012-03-13 14:19:12 [DEBUG] [lets08070-01201203131419127bdef3bf78c4f331ee055c9a45c666c6cda85bbd] Post [LGD_PRODUCTINFO] = [a6-1]
2012-03-13 14:19:12 [DEBUG] [lets08070-01201203131419127bdef3bf78c4f331ee055c9a45c666c6cda85bbd] post_string = LGD_TXID=lets08070-01201203131419127bdef3bf78c4f331ee055c9a45c666c6cda85bbd&LGD_AUTHCODE=9e380cda9159b1b2b45d9b173c150894c810cf0a&LGD_MID=lets08070&LGD_TXNAME=CashReceipt&LGD_METHOD=AUTH&LGD_PAYTYPE=SC0100&LGD_OID=20120312145950-346&LGD_AMOUNT=160000&LGD_CASHCARDNUM=01036024995&LGD_CUSTOM_MERTNAME=%BE%D6%B5%E5%C0%A9&LGD_CUSTOM_BUSINESSNUM=604-01-29034&LGD_CUSTOM_MERTPHONE=051-468-5758+&LGD_CASHRECEIPTUSE=1&LGD_PRODUCTINFO=a6-1
2012-03-13 14:19:12 [DEBUG] [lets08070-01201203131419127bdef3bf78c4f331ee055c9a45c666c6cda85bbd] Result = [





{"LGD_RESPCODE":"0000","LGD_RESPMSG":"氚旮标车","LGD_RESPONSE":[{"LGD_HASHDATA":"90c2e7cbcf138e58d4e15816a71c2729","LGD_CASHRECEIPTNUM":"G30031098","LGD_TID":"lets02012031314191267913","LGD_RESPCODE":"0000","LGD_TIMESTAMP":"20120313141913","LGD_RESPMSG":"氚旮标车","LGD_OID":"20120312145950-346","LGD_RESPDATE":"20120313141912"}]}


	

]
2012-03-13 14:19:12 [INFO ] [lets08070-01201203131419127bdef3bf78c4f331ee055c9a45c666c6cda85bbd] Response Code=[0000], Msg=[惯鞭己傍], Count=1
2012-03-13 14:19:12 [DEBUG] [lets08070-01201203131419127bdef3bf78c4f331ee055c9a45c666c6cda85bbd] Response (LGD_HASHDATA, 0) = 90c2e7cbcf138e58d4e15816a71c2729
2012-03-13 14:19:12 [DEBUG] [lets08070-01201203131419127bdef3bf78c4f331ee055c9a45c666c6cda85bbd] Response (LGD_CASHRECEIPTNUM, 0) = G30031098
2012-03-13 14:19:12 [DEBUG] [lets08070-01201203131419127bdef3bf78c4f331ee055c9a45c666c6cda85bbd] Response (LGD_TID, 0) = lets02012031314191267913
2012-03-13 14:19:12 [DEBUG] [lets08070-01201203131419127bdef3bf78c4f331ee055c9a45c666c6cda85bbd] Response (LGD_RESPCODE, 0) = 0000
2012-03-13 14:19:12 [DEBUG] [lets08070-01201203131419127bdef3bf78c4f331ee055c9a45c666c6cda85bbd] Response (LGD_TIMESTAMP, 0) = 20120313141913
2012-03-13 14:19:12 [DEBUG] [lets08070-01201203131419127bdef3bf78c4f331ee055c9a45c666c6cda85bbd] Response (LGD_RESPMSG, 0) = 惯鞭己傍
2012-03-13 14:19:12 [DEBUG] [lets08070-01201203131419127bdef3bf78c4f331ee055c9a45c666c6cda85bbd] Response (LGD_OID, 0) = 20120312145950-346
2012-03-13 14:19:12 [DEBUG] [lets08070-01201203131419127bdef3bf78c4f331ee055c9a45c666c6cda85bbd] Response (LGD_RESPDATE, 0) = 20120313141912
