2012-01-09 16:48:17 [INFO ] [] XPayClient initialize [/home/boramfood/public_html/market/cart/lgdacom] []
2012-01-09 16:48:17 [DEBUG] [] Config [server_id] = [01]
2012-01-09 16:48:17 [DEBUG] [] Config [timeout] = [60]
2012-01-09 16:48:17 [DEBUG] [] Config [log_level] = [4]
2012-01-09 16:48:17 [DEBUG] [] Config [verify_cert] = [1]
2012-01-09 16:48:17 [DEBUG] [] Config [verify_host] = [1]
2012-01-09 16:48:17 [DEBUG] [] Config [report_error] = [1]
2012-01-09 16:48:17 [DEBUG] [] Config [output_UTF8] = [0]
2012-01-09 16:48:17 [DEBUG] [] Config [auto_rollback] = [1]
2012-01-09 16:48:17 [DEBUG] [] Config [log_dir] = [/home/shop_mobile/public_html/market/cart/lgdacom/log]
2012-01-09 16:48:17 [DEBUG] [] Config [tlets08064] = [0a88691273d4d2ff7def30b8a0e8526e]
2012-01-09 16:48:17 [DEBUG] [] Config [lets08064] = [0a88691273d4d2ff7def30b8a0e8526e]
2012-01-09 16:48:17 [DEBUG] [] Config [url] = [https://xpayclient.lgdacom.net/xpay/Gateway.do]
2012-01-09 16:48:17 [DEBUG] [] Config [test_url] = [https://xpayclient.lgdacom.net:7443/xpay/Gateway.do]
2012-01-09 16:48:17 [DEBUG] [] Config [aux_url] = [http://xpayclient.lgdacom.net:7080/xpay/Gateway.do]
2012-01-09 16:48:17 [FATAL] [] Key for MID [] does not exist in mall.conf
2012-01-09 16:52:12 [INFO ] [] XPayClient initialize [/home/boramfood/public_html/market/cart/lgdacom] []
2012-01-09 16:52:12 [DEBUG] [] Config [server_id] = [01]
2012-01-09 16:52:12 [DEBUG] [] Config [timeout] = [60]
2012-01-09 16:52:12 [DEBUG] [] Config [log_level] = [4]
2012-01-09 16:52:12 [DEBUG] [] Config [verify_cert] = [1]
2012-01-09 16:52:12 [DEBUG] [] Config [verify_host] = [1]
2012-01-09 16:52:12 [DEBUG] [] Config [report_error] = [1]
2012-01-09 16:52:12 [DEBUG] [] Config [output_UTF8] = [0]
2012-01-09 16:52:12 [DEBUG] [] Config [auto_rollback] = [1]
2012-01-09 16:52:12 [DEBUG] [] Config [log_dir] = [/home/shop_mobile/public_html/market/cart/lgdacom/log]
2012-01-09 16:52:12 [DEBUG] [] Config [tlets08064] = [0a88691273d4d2ff7def30b8a0e8526e]
2012-01-09 16:52:12 [DEBUG] [] Config [lets08064] = [0a88691273d4d2ff7def30b8a0e8526e]
2012-01-09 16:52:12 [DEBUG] [] Config [url] = [https://xpayclient.lgdacom.net/xpay/Gateway.do]
2012-01-09 16:52:12 [DEBUG] [] Config [test_url] = [https://xpayclient.lgdacom.net:7443/xpay/Gateway.do]
2012-01-09 16:52:12 [DEBUG] [] Config [aux_url] = [http://xpayclient.lgdacom.net:7080/xpay/Gateway.do]
2012-01-09 16:52:59 [INFO ] [] XPayClient initialize [/home/boramfood/public_html/market/cart/lgdacom] [service]
2012-01-09 16:52:59 [DEBUG] [] Config [server_id] = [01]
2012-01-09 16:52:59 [DEBUG] [] Config [timeout] = [60]
2012-01-09 16:52:59 [DEBUG] [] Config [log_level] = [4]
2012-01-09 16:52:59 [DEBUG] [] Config [verify_cert] = [1]
2012-01-09 16:52:59 [DEBUG] [] Config [verify_host] = [1]
2012-01-09 16:52:59 [DEBUG] [] Config [report_error] = [1]
2012-01-09 16:52:59 [DEBUG] [] Config [output_UTF8] = [0]
2012-01-09 16:52:59 [DEBUG] [] Config [auto_rollback] = [1]
2012-01-09 16:52:59 [DEBUG] [] Config [log_dir] = [/home/shop_mobile/public_html/market/cart/lgdacom/log]
2012-01-09 16:52:59 [DEBUG] [] Config [tlets08064] = [0a88691273d4d2ff7def30b8a0e8526e]
2012-01-09 16:52:59 [DEBUG] [] Config [lets08064] = [0a88691273d4d2ff7def30b8a0e8526e]
2012-01-09 16:52:59 [DEBUG] [] Config [url] = [https://xpayclient.lgdacom.net/xpay/Gateway.do]
2012-01-09 16:52:59 [DEBUG] [] Config [test_url] = [https://xpayclient.lgdacom.net:7443/xpay/Gateway.do]
2012-01-09 16:52:59 [DEBUG] [] Config [aux_url] = [http://xpayclient.lgdacom.net:7080/xpay/Gateway.do]
2012-01-09 16:52:59 [DEBUG] [lets08064-0120120109165259b06fbafee12ec4df88a49a9ab3858d2784dc6d33] Post [LGD_TXID] = [lets08064-0120120109165259b06fbafee12ec4df88a49a9ab3858d2784dc6d33]
2012-01-09 16:52:59 [DEBUG] [lets08064-0120120109165259b06fbafee12ec4df88a49a9ab3858d2784dc6d33] Post [LGD_AUTHCODE] = [f3a4634b6137ac45b9db43d859cc727c1279d665]
2012-01-09 16:52:59 [DEBUG] [lets08064-0120120109165259b06fbafee12ec4df88a49a9ab3858d2784dc6d33] Post [LGD_MID] = [lets08064]
2012-01-09 16:52:59 [DEBUG] [lets08064-0120120109165259b06fbafee12ec4df88a49a9ab3858d2784dc6d33] Post [LGD_TXNAME] = [PaymentByKey]
2012-01-09 16:52:59 [DEBUG] [lets08064-0120120109165259b06fbafee12ec4df88a49a9ab3858d2784dc6d33] Post [LGD_PAYKEY] = [20120109165257C7AFF96598EB256D5BA8900CDD2F7EA51A82391B]
2012-01-09 16:52:59 [DEBUG] [lets08064-0120120109165259b06fbafee12ec4df88a49a9ab3858d2784dc6d33] post_string = LGD_TXID=lets08064-0120120109165259b06fbafee12ec4df88a49a9ab3858d2784dc6d33&LGD_AUTHCODE=f3a4634b6137ac45b9db43d859cc727c1279d665&LGD_MID=lets08064&LGD_TXNAME=PaymentByKey&LGD_PAYKEY=20120109165257C7AFF96598EB256D5BA8900CDD2F7EA51A82391B
2012-01-09 16:53:01 [DEBUG] [lets08064-0120120109165259b06fbafee12ec4df88a49a9ab3858d2784dc6d33] Result = [





{"LGD_RESPCODE":"0000","LGD_RESPMSG":"ê²°ì œì„±ê³µ","LGD_RESPONSE":[{"LGD_CARDACQUIRER":"61","LGD_MID":"lets08064","LGD_FINANCENAME":"í˜„ëŒ€VISA","LGD_PCANCELFLAG":"1","LGD_FINANCEAUTHNUM":"00754689","LGD_DELIVERYINFO":"","LGD_BUYER":"í…ŒìŠ¤íŠ¸","LGD_AFFILIATECODE":"******","LGD_TRANSAMOUNT":"12500","LGD_BUYERID":"","LGD_OID":"20120109164737-127","LGD_CARDNUM":"402857******6811","LGD_RECEIVERPHONE":"","LGD_TID":"lets02012010916525977596","LGD_TIMESTAMP":"20120109165301","LGD_FINANCECODE":"61100","LGD_CARDNOINTYN":"0","LGD_PCANCELSTR":"0","LGD_BUYERPHONE":"01099485805","LGD_ESCROWYN":"N","LGD_PAYTYPE":"SC0010","LGD_AMOUNT":"12500","LGD_EXCHANGERATE":"1.0","LGD_BUYERSSN":"","LGD_CARDINSTALLMONTH":"00","LGD_RESPMSG":"ê²°ì œì„±ê³µ","LGD_PAYDATE":"20120109165300","LGD_PRODUCTINFO":"í…ŒìŠ¤íŠ¸1","LGD_PRODUCTCODE":"","LGD_HASHDATA":"d898d4d8b7fd106ccdf7c458182e5607","LGD_CARDGUBUN1":"0","LGD_CARDGUBUN2":"0","LGD_BUYERADDRESS":"","LGD_RECEIVER":"","LGD_RESPCODE":"0000","LGD_BUYEREMAIL":"asf@asf.com"}]}


	

]
2012-01-09 16:53:01 [INFO ] [lets08064-0120120109165259b06fbafee12ec4df88a49a9ab3858d2784dc6d33] Response Code=[0000], Msg=[°áÁ¦¼º°ø], Count=1
2012-01-09 16:53:01 [DEBUG] [lets08064-0120120109165259b06fbafee12ec4df88a49a9ab3858d2784dc6d33] Response (LGD_CARDACQUIRER, 0) = 61
2012-01-09 16:53:01 [DEBUG] [lets08064-0120120109165259b06fbafee12ec4df88a49a9ab3858d2784dc6d33] Response (LGD_MID, 0) = lets08064
2012-01-09 16:53:01 [DEBUG] [lets08064-0120120109165259b06fbafee12ec4df88a49a9ab3858d2784dc6d33] Response (LGD_FINANCENAME, 0) = Çö´ëVISA
2012-01-09 16:53:01 [DEBUG] [lets08064-0120120109165259b06fbafee12ec4df88a49a9ab3858d2784dc6d33] Response (LGD_PCANCELFLAG, 0) = 1
2012-01-09 16:53:01 [DEBUG] [lets08064-0120120109165259b06fbafee12ec4df88a49a9ab3858d2784dc6d33] Response (LGD_FINANCEAUTHNUM, 0) = 00754689
2012-01-09 16:53:01 [DEBUG] [lets08064-0120120109165259b06fbafee12ec4df88a49a9ab3858d2784dc6d33] Response (LGD_DELIVERYINFO, 0) = 
2012-01-09 16:53:01 [DEBUG] [lets08064-0120120109165259b06fbafee12ec4df88a49a9ab3858d2784dc6d33] Response (LGD_BUYER, 0) = Å×½ºÆ®
2012-01-09 16:53:01 [DEBUG] [lets08064-0120120109165259b06fbafee12ec4df88a49a9ab3858d2784dc6d33] Response (LGD_AFFILIATECODE, 0) = ******
2012-01-09 16:53:01 [DEBUG] [lets08064-0120120109165259b06fbafee12ec4df88a49a9ab3858d2784dc6d33] Response (LGD_TRANSAMOUNT, 0) = 12500
2012-01-09 16:53:01 [DEBUG] [lets08064-0120120109165259b06fbafee12ec4df88a49a9ab3858d2784dc6d33] Response (LGD_BUYERID, 0) = 
2012-01-09 16:53:01 [DEBUG] [lets08064-0120120109165259b06fbafee12ec4df88a49a9ab3858d2784dc6d33] Response (LGD_OID, 0) = 20120109164737-127
2012-01-09 16:53:01 [DEBUG] [lets08064-0120120109165259b06fbafee12ec4df88a49a9ab3858d2784dc6d33] Response (LGD_CARDNUM, 0) = 402857******6811
2012-01-09 16:53:01 [DEBUG] [lets08064-0120120109165259b06fbafee12ec4df88a49a9ab3858d2784dc6d33] Response (LGD_RECEIVERPHONE, 0) = 
2012-01-09 16:53:01 [DEBUG] [lets08064-0120120109165259b06fbafee12ec4df88a49a9ab3858d2784dc6d33] Response (LGD_TID, 0) = lets02012010916525977596
2012-01-09 16:53:01 [DEBUG] [lets08064-0120120109165259b06fbafee12ec4df88a49a9ab3858d2784dc6d33] Response (LGD_TIMESTAMP, 0) = 20120109165301
2012-01-09 16:53:01 [DEBUG] [lets08064-0120120109165259b06fbafee12ec4df88a49a9ab3858d2784dc6d33] Response (LGD_FINANCECODE, 0) = 61100
2012-01-09 16:53:01 [DEBUG] [lets08064-0120120109165259b06fbafee12ec4df88a49a9ab3858d2784dc6d33] Response (LGD_CARDNOINTYN, 0) = 0
2012-01-09 16:53:01 [DEBUG] [lets08064-0120120109165259b06fbafee12ec4df88a49a9ab3858d2784dc6d33] Response (LGD_PCANCELSTR, 0) = 0
2012-01-09 16:53:01 [DEBUG] [lets08064-0120120109165259b06fbafee12ec4df88a49a9ab3858d2784dc6d33] Response (LGD_BUYERPHONE, 0) = 01099485805
2012-01-09 16:53:01 [DEBUG] [lets08064-0120120109165259b06fbafee12ec4df88a49a9ab3858d2784dc6d33] Response (LGD_ESCROWYN, 0) = N
2012-01-09 16:53:01 [DEBUG] [lets08064-0120120109165259b06fbafee12ec4df88a49a9ab3858d2784dc6d33] Response (LGD_PAYTYPE, 0) = SC0010
2012-01-09 16:53:01 [DEBUG] [lets08064-0120120109165259b06fbafee12ec4df88a49a9ab3858d2784dc6d33] Response (LGD_AMOUNT, 0) = 12500
2012-01-09 16:53:01 [DEBUG] [lets08064-0120120109165259b06fbafee12ec4df88a49a9ab3858d2784dc6d33] Response (LGD_EXCHANGERATE, 0) = 1.0
2012-01-09 16:53:01 [DEBUG] [lets08064-0120120109165259b06fbafee12ec4df88a49a9ab3858d2784dc6d33] Response (LGD_BUYERSSN, 0) = 
2012-01-09 16:53:01 [DEBUG] [lets08064-0120120109165259b06fbafee12ec4df88a49a9ab3858d2784dc6d33] Response (LGD_CARDINSTALLMONTH, 0) = 00
2012-01-09 16:53:01 [DEBUG] [lets08064-0120120109165259b06fbafee12ec4df88a49a9ab3858d2784dc6d33] Response (LGD_RESPMSG, 0) = °áÁ¦¼º°ø
2012-01-09 16:53:01 [DEBUG] [lets08064-0120120109165259b06fbafee12ec4df88a49a9ab3858d2784dc6d33] Response (LGD_PAYDATE, 0) = 20120109165300
2012-01-09 16:53:01 [DEBUG] [lets08064-0120120109165259b06fbafee12ec4df88a49a9ab3858d2784dc6d33] Response (LGD_PRODUCTINFO, 0) = Å×½ºÆ®1
2012-01-09 16:53:01 [DEBUG] [lets08064-0120120109165259b06fbafee12ec4df88a49a9ab3858d2784dc6d33] Response (LGD_PRODUCTCODE, 0) = 
2012-01-09 16:53:01 [DEBUG] [lets08064-0120120109165259b06fbafee12ec4df88a49a9ab3858d2784dc6d33] Response (LGD_HASHDATA, 0) = d898d4d8b7fd106ccdf7c458182e5607
2012-01-09 16:53:01 [DEBUG] [lets08064-0120120109165259b06fbafee12ec4df88a49a9ab3858d2784dc6d33] Response (LGD_CARDGUBUN1, 0) = 0
2012-01-09 16:53:01 [DEBUG] [lets08064-0120120109165259b06fbafee12ec4df88a49a9ab3858d2784dc6d33] Response (LGD_CARDGUBUN2, 0) = 0
2012-01-09 16:53:01 [DEBUG] [lets08064-0120120109165259b06fbafee12ec4df88a49a9ab3858d2784dc6d33] Response (LGD_BUYERADDRESS, 0) = 
2012-01-09 16:53:01 [DEBUG] [lets08064-0120120109165259b06fbafee12ec4df88a49a9ab3858d2784dc6d33] Response (LGD_RECEIVER, 0) = 
2012-01-09 16:53:01 [DEBUG] [lets08064-0120120109165259b06fbafee12ec4df88a49a9ab3858d2784dc6d33] Response (LGD_RESPCODE, 0) = 0000
2012-01-09 16:53:01 [DEBUG] [lets08064-0120120109165259b06fbafee12ec4df88a49a9ab3858d2784dc6d33] Response (LGD_BUYEREMAIL, 0) = asf@asf.com
