2012-03-22 17:33:49 [INFO ] [] XPayClient initialize [/home/ldss/public_html/market/cart/lgdacom] []
2012-03-22 17:33:49 [DEBUG] [] Config [server_id] = [01]
2012-03-22 17:33:49 [DEBUG] [] Config [timeout] = [60]
2012-03-22 17:33:49 [DEBUG] [] Config [log_level] = [4]
2012-03-22 17:33:49 [DEBUG] [] Config [verify_cert] = [1]
2012-03-22 17:33:49 [DEBUG] [] Config [verify_host] = [1]
2012-03-22 17:33:49 [DEBUG] [] Config [report_error] = [1]
2012-03-22 17:33:49 [DEBUG] [] Config [output_UTF8] = [0]
2012-03-22 17:33:49 [DEBUG] [] Config [auto_rollback] = [1]
2012-03-22 17:33:49 [DEBUG] [] Config [log_dir] = [/home/shop_mobile/public_html/market/cart/lgdacom/log]
2012-03-22 17:33:49 [DEBUG] [] Config [tlets08064] = [0a88691273d4d2ff7def30b8a0e8526e]
2012-03-22 17:33:49 [DEBUG] [] Config [lets08064] = [0a88691273d4d2ff7def30b8a0e8526e]
2012-03-22 17:33:49 [DEBUG] [] Config [url] = [https://xpayclient.lgdacom.net/xpay/Gateway.do]
2012-03-22 17:33:49 [DEBUG] [] Config [test_url] = [https://xpayclient.lgdacom.net:7443/xpay/Gateway.do]
2012-03-22 17:33:49 [DEBUG] [] Config [aux_url] = [http://xpayclient.lgdacom.net:7080/xpay/Gateway.do]
2012-03-22 17:33:49 [FATAL] [] Key for MID [] does not exist in mall.conf
2012-03-22 17:34:01 [INFO ] [] XPayClient initialize [/home/ldss/public_html/market/cart/lgdacom] []
2012-03-22 17:34:01 [DEBUG] [] Config [server_id] = [01]
2012-03-22 17:34:01 [DEBUG] [] Config [timeout] = [60]
2012-03-22 17:34:01 [DEBUG] [] Config [log_level] = [4]
2012-03-22 17:34:01 [DEBUG] [] Config [verify_cert] = [1]
2012-03-22 17:34:01 [DEBUG] [] Config [verify_host] = [1]
2012-03-22 17:34:01 [DEBUG] [] Config [report_error] = [1]
2012-03-22 17:34:01 [DEBUG] [] Config [output_UTF8] = [0]
2012-03-22 17:34:01 [DEBUG] [] Config [auto_rollback] = [1]
2012-03-22 17:34:01 [DEBUG] [] Config [log_dir] = [/home/shop_mobile/public_html/market/cart/lgdacom/log]
2012-03-22 17:34:01 [DEBUG] [] Config [tlets08064] = [0a88691273d4d2ff7def30b8a0e8526e]
2012-03-22 17:34:01 [DEBUG] [] Config [lets08064] = [0a88691273d4d2ff7def30b8a0e8526e]
2012-03-22 17:34:01 [DEBUG] [] Config [url] = [https://xpayclient.lgdacom.net/xpay/Gateway.do]
2012-03-22 17:34:01 [DEBUG] [] Config [test_url] = [https://xpayclient.lgdacom.net:7443/xpay/Gateway.do]
2012-03-22 17:34:01 [DEBUG] [] Config [aux_url] = [http://xpayclient.lgdacom.net:7080/xpay/Gateway.do]
2012-03-22 17:34:01 [FATAL] [] Key for MID [] does not exist in mall.conf
