2012-03-16 16:02:50 [INFO ] [] XPayClient initialize [/home/aedeuwinshop/public_html/market/cart/lgdacom] [service]
2012-03-16 16:02:50 [DEBUG] [] Config [server_id] = [01]
2012-03-16 16:02:50 [DEBUG] [] Config [timeout] = [60]
2012-03-16 16:02:50 [DEBUG] [] Config [log_level] = [4]
2012-03-16 16:02:50 [DEBUG] [] Config [verify_cert] = [1]
2012-03-16 16:02:50 [DEBUG] [] Config [verify_host] = [1]
2012-03-16 16:02:50 [DEBUG] [] Config [report_error] = [1]
2012-03-16 16:02:50 [DEBUG] [] Config [output_UTF8] = [0]
2012-03-16 16:02:50 [DEBUG] [] Config [auto_rollback] = [1]
2012-03-16 16:02:50 [DEBUG] [] Config [log_dir] = [/home/shop_mobile/public_html/market/cart/lgdacom/log]
2012-03-16 16:02:50 [DEBUG] [] Config [tlets08070] = [fe95c7a807c4de05a3fcd738141f926e]
2012-03-16 16:02:50 [DEBUG] [] Config [lets08070] = [fe95c7a807c4de05a3fcd738141f926e]
2012-03-16 16:02:50 [DEBUG] [] Config [url] = [https://xpayclient.lgdacom.net/xpay/Gateway.do]
2012-03-16 16:02:50 [DEBUG] [] Config [test_url] = [https://xpayclient.lgdacom.net:7443/xpay/Gateway.do]
2012-03-16 16:02:50 [DEBUG] [] Config [aux_url] = [http://xpayclient.lgdacom.net:7080/xpay/Gateway.do]
2012-03-16 16:02:50 [DEBUG] [lets08070-0120120316160250bd0761794be8d8aad47d5ff82fc3f4fc27e197c1] Post [LGD_TXID] = [lets08070-0120120316160250bd0761794be8d8aad47d5ff82fc3f4fc27e197c1]
2012-03-16 16:02:50 [DEBUG] [lets08070-0120120316160250bd0761794be8d8aad47d5ff82fc3f4fc27e197c1] Post [LGD_AUTHCODE] = [ae5bfcddd5780f494e995aef8acb7909ea18ccb1]
2012-03-16 16:02:50 [DEBUG] [lets08070-0120120316160250bd0761794be8d8aad47d5ff82fc3f4fc27e197c1] Post [LGD_MID] = [lets08070]
2012-03-16 16:02:50 [DEBUG] [lets08070-0120120316160250bd0761794be8d8aad47d5ff82fc3f4fc27e197c1] Post [LGD_TXNAME] = [CashReceipt]
2012-03-16 16:02:50 [DEBUG] [lets08070-0120120316160250bd0761794be8d8aad47d5ff82fc3f4fc27e197c1] Post [LGD_METHOD] = [AUTH]
2012-03-16 16:02:50 [DEBUG] [lets08070-0120120316160250bd0761794be8d8aad47d5ff82fc3f4fc27e197c1] Post [LGD_PAYTYPE] = [SC0100]
2012-03-16 16:02:50 [DEBUG] [lets08070-0120120316160250bd0761794be8d8aad47d5ff82fc3f4fc27e197c1] Post [LGD_OID] = [20120314091549-14]
2012-03-16 16:02:50 [DEBUG] [lets08070-0120120316160250bd0761794be8d8aad47d5ff82fc3f4fc27e197c1] Post [LGD_AMOUNT] = [60000]
2012-03-16 16:02:50 [DEBUG] [lets08070-0120120316160250bd0761794be8d8aad47d5ff82fc3f4fc27e197c1] Post [LGD_CASHCARDNUM] = [01036024995]
2012-03-16 16:02:50 [DEBUG] [lets08070-0120120316160250bd0761794be8d8aad47d5ff82fc3f4fc27e197c1] Post [LGD_CUSTOM_MERTNAME] = [¾ÖµåÀ©]
2012-03-16 16:02:50 [DEBUG] [lets08070-0120120316160250bd0761794be8d8aad47d5ff82fc3f4fc27e197c1] Post [LGD_CUSTOM_BUSINESSNUM] = [604-01-29034]
2012-03-16 16:02:50 [DEBUG] [lets08070-0120120316160250bd0761794be8d8aad47d5ff82fc3f4fc27e197c1] Post [LGD_CUSTOM_MERTPHONE] = [051-468-5758 ]
2012-03-16 16:02:50 [DEBUG] [lets08070-0120120316160250bd0761794be8d8aad47d5ff82fc3f4fc27e197c1] Post [LGD_CASHRECEIPTUSE] = [1]
2012-03-16 16:02:50 [DEBUG] [lets08070-0120120316160250bd0761794be8d8aad47d5ff82fc3f4fc27e197c1] Post [LGD_PRODUCTINFO] = [³ª-¹è4]
2012-03-16 16:02:50 [DEBUG] [lets08070-0120120316160250bd0761794be8d8aad47d5ff82fc3f4fc27e197c1] post_string = LGD_TXID=lets08070-0120120316160250bd0761794be8d8aad47d5ff82fc3f4fc27e197c1&LGD_AUTHCODE=ae5bfcddd5780f494e995aef8acb7909ea18ccb1&LGD_MID=lets08070&LGD_TXNAME=CashReceipt&LGD_METHOD=AUTH&LGD_PAYTYPE=SC0100&LGD_OID=20120314091549-14&LGD_AMOUNT=60000&LGD_CASHCARDNUM=01036024995&LGD_CUSTOM_MERTNAME=%BE%D6%B5%E5%C0%A9&LGD_CUSTOM_BUSINESSNUM=604-01-29034&LGD_CUSTOM_MERTPHONE=051-468-5758+&LGD_CASHRECEIPTUSE=1&LGD_PRODUCTINFO=%B3%AA-%B9%E84
2012-03-16 16:02:50 [DEBUG] [lets08070-0120120316160250bd0761794be8d8aad47d5ff82fc3f4fc27e197c1] Result = [





{"LGD_RESPCODE":"0000","LGD_RESPMSG":"ë°œê¸‰ì„±ê³µ","LGD_RESPONSE":[{"LGD_HASHDATA":"57e3b487c20b0aef4582da1944471bf3","LGD_CASHRECEIPTNUM":"G30291940","LGD_TID":"lets02012031616025042876","LGD_RESPCODE":"0000","LGD_TIMESTAMP":"20120316160251","LGD_RESPMSG":"ë°œê¸‰ì„±ê³µ","LGD_OID":"20120314091549-14","LGD_RESPDATE":"20120316160250"}]}


	

]
2012-03-16 16:02:50 [INFO ] [lets08070-0120120316160250bd0761794be8d8aad47d5ff82fc3f4fc27e197c1] Response Code=[0000], Msg=[¹ß±Þ¼º°ø], Count=1
2012-03-16 16:02:50 [DEBUG] [lets08070-0120120316160250bd0761794be8d8aad47d5ff82fc3f4fc27e197c1] Response (LGD_HASHDATA, 0) = 57e3b487c20b0aef4582da1944471bf3
2012-03-16 16:02:50 [DEBUG] [lets08070-0120120316160250bd0761794be8d8aad47d5ff82fc3f4fc27e197c1] Response (LGD_CASHRECEIPTNUM, 0) = G30291940
2012-03-16 16:02:50 [DEBUG] [lets08070-0120120316160250bd0761794be8d8aad47d5ff82fc3f4fc27e197c1] Response (LGD_TID, 0) = lets02012031616025042876
2012-03-16 16:02:50 [DEBUG] [lets08070-0120120316160250bd0761794be8d8aad47d5ff82fc3f4fc27e197c1] Response (LGD_RESPCODE, 0) = 0000
2012-03-16 16:02:50 [DEBUG] [lets08070-0120120316160250bd0761794be8d8aad47d5ff82fc3f4fc27e197c1] Response (LGD_TIMESTAMP, 0) = 20120316160251
2012-03-16 16:02:50 [DEBUG] [lets08070-0120120316160250bd0761794be8d8aad47d5ff82fc3f4fc27e197c1] Response (LGD_RESPMSG, 0) = ¹ß±Þ¼º°ø
2012-03-16 16:02:50 [DEBUG] [lets08070-0120120316160250bd0761794be8d8aad47d5ff82fc3f4fc27e197c1] Response (LGD_OID, 0) = 20120314091549-14
2012-03-16 16:02:50 [DEBUG] [lets08070-0120120316160250bd0761794be8d8aad47d5ff82fc3f4fc27e197c1] Response (LGD_RESPDATE, 0) = 20120316160250
